<?xml version="1.0" encoding="UTF-8"?>
<!-- Generated by org.testng.reporters.JUnitReportReporter -->
<testsuite hostname="Bobby" failures="0" tests="1" name="firstmaven.GoToOrders" time="8.859" errors="0" timestamp="2023-09-08T17:11:40 IST" skipped="0">
  <testcase classname="firstmaven.GoToOrders" name="goToOrders" time="8.859"/>
  <system-out/>
</testsuite> <!-- firstmaven.GoToOrders -->
