<?xml version="1.0" encoding="UTF-8"?>
<!-- Generated by org.testng.reporters.JUnitReportReporter -->
<testsuite hostname="Bobby" failures="0" tests="2" name="firstmaven.StandAloneTest" time="20.539" errors="0" timestamp="2023-09-04T14:05:49 IST" skipped="0">
  <testcase classname="firstmaven.StandAloneTest" name="ordersHistoryTest" time="10.545"/>
  <system-out/>
  <testcase classname="firstmaven.StandAloneTest" name="addToCartTest" time="9.994"/>
  <system-out/>
</testsuite> <!-- firstmaven.StandAloneTest -->
