<?xml version="1.0" encoding="UTF-8"?>
<!-- Generated by org.testng.reporters.JUnitReportReporter -->
<testsuite hostname="Bobby" failures="0" tests="2" name="firstmaven.ProductAddingToCart" time="28.961" errors="0" timestamp="2023-09-13T11:52:10 IST" skipped="0">
  <testcase classname="firstmaven.ProductAddingToCart" name="addingProducttest" time="11.684"/>
  <system-out/>
  <testcase classname="firstmaven.ProductAddingToCart" name="addingProductToValidationtest" time="17.277"/>
  <system-out/>
</testsuite> <!-- firstmaven.ProductAddingToCart -->
